<?xml version="1.0" encoding="UTF-8"?>
<!-- Generated by org.testng.reporters.JUnitXMLReporter -->
<testsuite hostname="Desarrollo45" name="Default test" tests="2" failures="0" timestamp="22 Oct 2015 20:14:49 GMT" time="0.047" errors="0">
  <testcase name="@BeforeTest beforeTest" time="0.0" classname="august.smartLock.tests.RegistrationProcessTest">
    <failure type="org.testng.TestNGException" message="
Parameter &amp;apos;AugustAppPackageName&amp;apos; is required by @Configuration on method beforeTest but has not been marked @Optional or defined
in C:\Users\nvega\AppData\Local\Temp\testng-eclipse--576518775\testng-customsuite.xml">
      <![CDATA[org.testng.TestNGException: 
Parameter 'AugustAppPackageName' is required by @Configuration on method beforeTest but has not been marked @Optional or defined
in C:\Users\nvega\AppData\Local\Temp\testng-eclipse--576518775\testng-customsuite.xml
	at org.testng.internal.Parameters.createParameters(Parameters.java:154)
	at org.testng.internal.Parameters.createParameters(Parameters.java:361)
	at org.testng.internal.Parameters.createConfigurationParameters(Parameters.java:84)
	at org.testng.internal.Invoker.invokeConfigurations(Invoker.java:197)
	at org.testng.internal.Invoker.invokeConfigurations(Invoker.java:138)
	at org.testng.TestRunner.beforeRun(TestRunner.java:648)
	at org.testng.TestRunner.run(TestRunner.java:616)
	at org.testng.SuiteRunner.runTest(SuiteRunner.java:359)
	at org.testng.SuiteRunner.runSequentially(SuiteRunner.java:354)
	at org.testng.SuiteRunner.privateRun(SuiteRunner.java:312)
	at org.testng.SuiteRunner.run(SuiteRunner.java:261)
	at org.testng.SuiteRunnerWorker.runSuite(SuiteRunnerWorker.java:52)
	at org.testng.SuiteRunnerWorker.run(SuiteRunnerWorker.java:86)
	at org.testng.TestNG.runSuitesSequentially(TestNG.java:1191)
	at org.testng.TestNG.runSuitesLocally(TestNG.java:1116)
	at org.testng.TestNG.run(TestNG.java:1024)
	at org.testng.remote.RemoteTestNG.run(RemoteTestNG.java:112)
	at org.testng.remote.RemoteTestNG.initAndRun(RemoteTestNG.java:205)
	at org.testng.remote.RemoteTestNG.main(RemoteTestNG.java:176)
]]>
    </failure>
  </testcase> <!-- @BeforeTest beforeTest -->
  <testcase name="@AfterTest tearDown" time="0.0" classname="august.smartLock.tests.RegistrationProcessTest">
    <skipped/>
  </testcase> <!-- @AfterTest tearDown -->
  <testcase name="enterPassword_InvalidPassword_ThrowError" time="0.0" classname="august.smartLock.tests.RegistrationProcessTest">
    <skipped/>
  </testcase> <!-- enterPassword_InvalidPassword_ThrowError -->
  <testcase name="enterPassword_validPassword_NoError" time="0.0" classname="august.smartLock.tests.RegistrationProcessTest">
    <skipped/>
  </testcase> <!-- enterPassword_validPassword_NoError -->
</testsuite> <!-- Default test -->
