<?xml version="1.0" encoding="UTF-8"?>
<!-- Generated by org.testng.reporters.JUnitReportReporter -->
<testsuite hostname="Desarrollo45" name="august.smartLock.tests.RegistrationProcessTest" tests="8" failures="0" timestamp="22 Oct 2015 21:44:58 GMT" time="248.103" errors="1">
  <testcase name="enterPassword_validPassword_NoError" time="30.822" classname="august.smartLock.tests.RegistrationProcessTest"/>
  <testcase name="enterPassword_InvalidPassword_ThrowError" time="29.797" classname="august.smartLock.tests.RegistrationProcessTest">
    <error type="org.openqa.selenium.WebDriverException" message="An unknown server-side error occurred while processing the command. (Original error: Soft keyboard not present, cannot hide keyboard) (WARNING: The server did not provide any stacktrace information)
Command duration or timeout: 110 milliseconds
Build info: version: &#039;2.46.0&#039;, revision: &#039;87c69e2&#039;, time: &#039;2015-06-04 16:17:10&#039;
System info: host: &#039;Desarrollo45&#039;, ip: &#039;192.168.56.1&#039;, os.name: &#039;Windows 8.1&#039;, os.arch: &#039;x86&#039;, os.version: &#039;6.3&#039;, java.version: &#039;1.8.0_60&#039;
Driver info: io.appium.java_client.android.AndroidDriver
Capabilities [{appPackage=com.august.luna, app=C:\Users\nvega\workspace\TestingProject\Resources\apkFolder\August.apk, networkConnectionEnabled=true, warnings={}, databaseEnabled=false, version=4.4.2, deviceName=4d00bfd7479f80c9, platform=LINUX, appActivity=.ui.startup.LandingPage, desired={appPackage=com.august.luna, appActivity=.ui.startup.LandingPage, app=C:\Users\nvega\workspace\TestingProject\Resources\apkFolder\August.apk, browserName=, platformName=Android, version=4.4.2, deviceName=4d00bfd7479f80c9}, platformVersion=4.4.2, webStorageEnabled=false, locationContextEnabled=false, browserName=, takesScreenshot=true, javascriptEnabled=true, platformName=Android}]
Session ID: 6c3b92ef-0b94-4dad-a0eb-810f8020fee4">
      <![CDATA[org.openqa.selenium.WebDriverException: An unknown server-side error occurred while processing the command. (Original error: Soft keyboard not present, cannot hide keyboard) (WARNING: The server did not provide any stacktrace information)
Command duration or timeout: 110 milliseconds
Build info: version: '2.46.0', revision: '87c69e2', time: '2015-06-04 16:17:10'
System info: host: 'Desarrollo45', ip: '192.168.56.1', os.name: 'Windows 8.1', os.arch: 'x86', os.version: '6.3', java.version: '1.8.0_60'
Driver info: io.appium.java_client.android.AndroidDriver
Capabilities [{appPackage=com.august.luna, app=C:\Users\nvega\workspace\TestingProject\Resources\apkFolder\August.apk, networkConnectionEnabled=true, warnings={}, databaseEnabled=false, version=4.4.2, deviceName=4d00bfd7479f80c9, platform=LINUX, appActivity=.ui.startup.LandingPage, desired={appPackage=com.august.luna, appActivity=.ui.startup.LandingPage, app=C:\Users\nvega\workspace\TestingProject\Resources\apkFolder\August.apk, browserName=, platformName=Android, version=4.4.2, deviceName=4d00bfd7479f80c9}, platformVersion=4.4.2, webStorageEnabled=false, locationContextEnabled=false, browserName=, takesScreenshot=true, javascriptEnabled=true, platformName=Android}]
Session ID: 6c3b92ef-0b94-4dad-a0eb-810f8020fee4
	at sun.reflect.NativeConstructorAccessorImpl.newInstance0(Native Method)
	at sun.reflect.NativeConstructorAccessorImpl.newInstance(Unknown Source)
	at sun.reflect.DelegatingConstructorAccessorImpl.newInstance(Unknown Source)
	at java.lang.reflect.Constructor.newInstance(Unknown Source)
	at org.openqa.selenium.remote.ErrorHandler.createThrowable(ErrorHandler.java:204)
	at org.openqa.selenium.remote.ErrorHandler.throwIfResponseFailed(ErrorHandler.java:156)
	at org.openqa.selenium.remote.RemoteWebDriver.execute(RemoteWebDriver.java:605)
	at io.appium.java_client.AppiumDriver.execute(AppiumDriver.java:180)
	at io.appium.java_client.AppiumDriver.execute(AppiumDriver.java:185)
	at io.appium.java_client.AppiumDriver.hideKeyboard(AppiumDriver.java:268)
	at august.smartLock.screens.registration.ScreenObject.hideKeyboard(ScreenObject.java:114)
	at august.smartLock.screens.registration.UserDetailsScreen.isErrorDisplayed(UserDetailsScreen.java:99)
	at august.smartLock.tests.RegistrationProcessTest.enterPassword_InvalidPassword_ThrowError(RegistrationProcessTest.java:164)
	at sun.reflect.NativeMethodAccessorImpl.invoke0(Native Method)
	at sun.reflect.NativeMethodAccessorImpl.invoke(Unknown Source)
	at sun.reflect.DelegatingMethodAccessorImpl.invoke(Unknown Source)
	at java.lang.reflect.Method.invoke(Unknown Source)
	at org.testng.internal.MethodInvocationHelper.invokeMethod(MethodInvocationHelper.java:85)
	at org.testng.internal.Invoker.invokeMethod(Invoker.java:639)
	at org.testng.internal.Invoker.invokeTestMethod(Invoker.java:816)
	at org.testng.internal.Invoker.invokeTestMethods(Invoker.java:1124)
	at org.testng.internal.TestMethodWorker.invokeTestMethods(TestMethodWorker.java:125)
	at org.testng.internal.TestMethodWorker.run(TestMethodWorker.java:108)
	at org.testng.TestRunner.privateRun(TestRunner.java:774)
	at org.testng.TestRunner.run(TestRunner.java:624)
	at org.testng.SuiteRunner.runTest(SuiteRunner.java:359)
	at org.testng.SuiteRunner.runSequentially(SuiteRunner.java:354)
	at org.testng.SuiteRunner.privateRun(SuiteRunner.java:312)
	at org.testng.SuiteRunner.run(SuiteRunner.java:261)
	at org.testng.SuiteRunnerWorker.runSuite(SuiteRunnerWorker.java:52)
	at org.testng.SuiteRunnerWorker.run(SuiteRunnerWorker.java:86)
	at org.testng.TestNG.runSuitesSequentially(TestNG.java:1191)
	at org.testng.TestNG.runSuitesLocally(TestNG.java:1116)
	at org.testng.TestNG.run(TestNG.java:1024)
	at org.testng.remote.RemoteTestNG.run(RemoteTestNG.java:112)
	at org.testng.remote.RemoteTestNG.initAndRun(RemoteTestNG.java:205)
	at org.testng.remote.RemoteTestNG.main(RemoteTestNG.java:176)
]]>
    </error>
  </testcase> <!-- enterPassword_InvalidPassword_ThrowError -->
  <testcase name="enterPassword_InvalidPassword_ThrowError" time="32.324" classname="august.smartLock.tests.RegistrationProcessTest"/>
  <testcase name="enterPassword_InvalidPassword_ThrowError" time="30.933" classname="august.smartLock.tests.RegistrationProcessTest"/>
  <testcase name="enterPassword_validPassword_NoError" time="32.097" classname="august.smartLock.tests.RegistrationProcessTest"/>
  <testcase name="enterPassword_InvalidPassword_ThrowError" time="31.089" classname="august.smartLock.tests.RegistrationProcessTest"/>
  <testcase name="enterPassword_InvalidPassword_ThrowError" time="30.745" classname="august.smartLock.tests.RegistrationProcessTest"/>
  <testcase name="enterPassword_InvalidPassword_ThrowError" time="30.296" classname="august.smartLock.tests.RegistrationProcessTest"/>
</testsuite> <!-- august.smartLock.tests.RegistrationProcessTest -->
