<html>
<head>
<title>TestNG:  Registration - Happy path</title>
<link href="../testng.css" rel="stylesheet" type="text/css" />
<link href="../my-testng.css" rel="stylesheet" type="text/css" />

<style type="text/css">
.log { display: none;} 
.stack-trace { display: none;} 
</style>
<script type="text/javascript">
<!--
function flip(e) {
  current = e.style.display;
  if (current == 'block') {
    e.style.display = 'none';
    return 0;
  }
  else {
    e.style.display = 'block';
    return 1;
  }
}

function toggleBox(szDivId, elem, msg1, msg2)
{
  var res = -1;  if (document.getElementById) {
    res = flip(document.getElementById(szDivId));
  }
  else if (document.all) {
    // this is the way old msie versions work
    res = flip(document.all[szDivId]);
  }
  if(elem) {
    if(res == 0) elem.innerHTML = msg1; else elem.innerHTML = msg2;
  }

}

function toggleAllBoxes() {
  if (document.getElementsByTagName) {
    d = document.getElementsByTagName('div');
    for (i = 0; i < d.length; i++) {
      if (d[i].className == 'log') {
        flip(d[i]);
      }
    }
  }
}

// -->
</script>

</head>
<body>
<h2 align='center'>Registration - Happy path</h2><table border='1' align="center">
<tr>
<td>Tests passed/Failed/Skipped:</td><td>7/1/0</td>
</tr><tr>
<td>Started on:</td><td>Thu Oct 22 18:40:36 ART 2015</td>
</tr>
<tr><td>Total time:</td><td>262 seconds (262505 ms)</td>
</tr><tr>
<td>Included groups:</td><td></td>
</tr><tr>
<td>Excluded groups:</td><td></td>
</tr>
</table><p/>
<small><i>(Hover the method name to see the test class name)</i></small><p/>
<table width='100%' border='1' class='invocation-failed'>
<tr><td colspan='4' align='center'><b>FAILED TESTS</b></td></tr>
<tr><td><b>Test method</b></td>
<td width="30%"><b>Exception</b></td>
<td width="10%"><b>Time (seconds)</b></td>
<td><b>Instance</b></td>
</tr>
<tr>
<td title='august.smartLock.tests.RegistrationProcessTest.enterPassword_InvalidPassword_ThrowError()'><b>enterPassword_InvalidPassword_ThrowError</b><br>Test class: august.smartLock.tests.RegistrationProcessTest<br>Test method: The user enters a invalid password<br>Parameters: AbvD!mnb</td>
<td><div><pre>org.openqa.selenium.WebDriverException: An unknown server-side error occurred while processing the command. (Original error: Soft keyboard not present, cannot hide keyboard) (WARNING: The server did not provide any stacktrace information)
Command duration or timeout: 110 milliseconds
Build info: version: &apos;2.46.0&apos;, revision: &apos;87c69e2&apos;, time: &apos;2015-06-04 16:17:10&apos;
System info: host: &apos;Desarrollo45&apos;, ip: &apos;192.168.56.1&apos;, os.name: &apos;Windows 8.1&apos;, os.arch: &apos;x86&apos;, os.version: &apos;6.3&apos;, java.version: &apos;1.8.0_60&apos;
Driver info: io.appium.java_client.android.AndroidDriver
Capabilities [{appPackage=com.august.luna, app=C:\Users\nvega\workspace\TestingProject\Resources\apkFolder\August.apk, networkConnectionEnabled=true, warnings={}, databaseEnabled=false, version=4.4.2, deviceName=4d00bfd7479f80c9, platform=LINUX, appActivity=.ui.startup.LandingPage, desired={appPackage=com.august.luna, appActivity=.ui.startup.LandingPage, app=C:\Users\nvega\workspace\TestingProject\Resources\apkFolder\August.apk, browserName=, platformName=Android, version=4.4.2, deviceName=4d00bfd7479f80c9}, platformVersion=4.4.2, webStorageEnabled=false, locationContextEnabled=false, browserName=, takesScreenshot=true, javascriptEnabled=true, platformName=Android}]
Session ID: 6c3b92ef-0b94-4dad-a0eb-810f8020fee4
	at org.openqa.selenium.remote.ErrorHandler.createThrowable(ErrorHandler.java:204)
	at org.openqa.selenium.remote.ErrorHandler.throwIfResponseFailed(ErrorHandler.java:156)
	at org.openqa.selenium.remote.RemoteWebDriver.execute(RemoteWebDriver.java:605)
	at io.appium.java_client.AppiumDriver.execute(AppiumDriver.java:180)
	at io.appium.java_client.AppiumDriver.execute(AppiumDriver.java:185)
	at io.appium.java_client.AppiumDriver.hideKeyboard(AppiumDriver.java:268)
	at august.smartLock.screens.registration.ScreenObject.hideKeyboard(ScreenObject.java:114)
	at august.smartLock.screens.registration.UserDetailsScreen.isErrorDisplayed(UserDetailsScreen.java:99)
	at august.smartLock.tests.RegistrationProcessTest.enterPassword_InvalidPassword_ThrowError(RegistrationProcessTest.java:164)
... Removed 28 stack frames</pre></div><a href='#' onClick='toggleBox("stack-trace24984120", this, "Click to show all stack frames", "Click to hide stack frames")'>Click to show all stack frames</a>
<div class='stack-trace' id='stack-trace24984120'><pre>org.openqa.selenium.WebDriverException: An unknown server-side error occurred while processing the command. (Original error: Soft keyboard not present, cannot hide keyboard) (WARNING: The server did not provide any stacktrace information)
Command duration or timeout: 110 milliseconds
Build info: version: &apos;2.46.0&apos;, revision: &apos;87c69e2&apos;, time: &apos;2015-06-04 16:17:10&apos;
System info: host: &apos;Desarrollo45&apos;, ip: &apos;192.168.56.1&apos;, os.name: &apos;Windows 8.1&apos;, os.arch: &apos;x86&apos;, os.version: &apos;6.3&apos;, java.version: &apos;1.8.0_60&apos;
Driver info: io.appium.java_client.android.AndroidDriver
Capabilities [{appPackage=com.august.luna, app=C:\Users\nvega\workspace\TestingProject\Resources\apkFolder\August.apk, networkConnectionEnabled=true, warnings={}, databaseEnabled=false, version=4.4.2, deviceName=4d00bfd7479f80c9, platform=LINUX, appActivity=.ui.startup.LandingPage, desired={appPackage=com.august.luna, appActivity=.ui.startup.LandingPage, app=C:\Users\nvega\workspace\TestingProject\Resources\apkFolder\August.apk, browserName=, platformName=Android, version=4.4.2, deviceName=4d00bfd7479f80c9}, platformVersion=4.4.2, webStorageEnabled=false, locationContextEnabled=false, browserName=, takesScreenshot=true, javascriptEnabled=true, platformName=Android}]
Session ID: 6c3b92ef-0b94-4dad-a0eb-810f8020fee4
	at sun.reflect.NativeConstructorAccessorImpl.newInstance0(Native Method)
	at sun.reflect.NativeConstructorAccessorImpl.newInstance(Unknown Source)
	at sun.reflect.DelegatingConstructorAccessorImpl.newInstance(Unknown Source)
	at java.lang.reflect.Constructor.newInstance(Unknown Source)
	at org.openqa.selenium.remote.ErrorHandler.createThrowable(ErrorHandler.java:204)
	at org.openqa.selenium.remote.ErrorHandler.throwIfResponseFailed(ErrorHandler.java:156)
	at org.openqa.selenium.remote.RemoteWebDriver.execute(RemoteWebDriver.java:605)
	at io.appium.java_client.AppiumDriver.execute(AppiumDriver.java:180)
	at io.appium.java_client.AppiumDriver.execute(AppiumDriver.java:185)
	at io.appium.java_client.AppiumDriver.hideKeyboard(AppiumDriver.java:268)
	at august.smartLock.screens.registration.ScreenObject.hideKeyboard(ScreenObject.java:114)
	at august.smartLock.screens.registration.UserDetailsScreen.isErrorDisplayed(UserDetailsScreen.java:99)
	at august.smartLock.tests.RegistrationProcessTest.enterPassword_InvalidPassword_ThrowError(RegistrationProcessTest.java:164)
	at sun.reflect.NativeMethodAccessorImpl.invoke0(Native Method)
	at sun.reflect.NativeMethodAccessorImpl.invoke(Unknown Source)
	at sun.reflect.DelegatingMethodAccessorImpl.invoke(Unknown Source)
	at java.lang.reflect.Method.invoke(Unknown Source)
	at org.testng.internal.MethodInvocationHelper.invokeMethod(MethodInvocationHelper.java:85)
	at org.testng.internal.Invoker.invokeMethod(Invoker.java:639)
	at org.testng.internal.Invoker.invokeTestMethod(Invoker.java:816)
	at org.testng.internal.Invoker.invokeTestMethods(Invoker.java:1124)
	at org.testng.internal.TestMethodWorker.invokeTestMethods(TestMethodWorker.java:125)
	at org.testng.internal.TestMethodWorker.run(TestMethodWorker.java:108)
	at org.testng.TestRunner.privateRun(TestRunner.java:774)
	at org.testng.TestRunner.run(TestRunner.java:624)
	at org.testng.SuiteRunner.runTest(SuiteRunner.java:359)
	at org.testng.SuiteRunner.runSequentially(SuiteRunner.java:354)
	at org.testng.SuiteRunner.privateRun(SuiteRunner.java:312)
	at org.testng.SuiteRunner.run(SuiteRunner.java:261)
	at org.testng.SuiteRunnerWorker.runSuite(SuiteRunnerWorker.java:52)
	at org.testng.SuiteRunnerWorker.run(SuiteRunnerWorker.java:86)
	at org.testng.TestNG.runSuitesSequentially(TestNG.java:1191)
	at org.testng.TestNG.runSuitesLocally(TestNG.java:1116)
	at org.testng.TestNG.run(TestNG.java:1024)
	at org.testng.remote.RemoteTestNG.run(RemoteTestNG.java:112)
	at org.testng.remote.RemoteTestNG.initAndRun(RemoteTestNG.java:205)
	at org.testng.remote.RemoteTestNG.main(RemoteTestNG.java:176)
</pre></div></td>
<td>27</td>
<td>august.smartLock.tests.RegistrationProcessTest@82d64</td></tr>
</table><p>
<table width='100%' border='1' class='invocation-passed'>
<tr><td colspan='4' align='center'><b>PASSED TESTS</b></td></tr>
<tr><td><b>Test method</b></td>
<td width="30%"><b>Exception</b></td>
<td width="10%"><b>Time (seconds)</b></td>
<td><b>Instance</b></td>
</tr>
<tr>
<td title='august.smartLock.tests.RegistrationProcessTest.enterPassword_InvalidPassword_ThrowError()'><b>enterPassword_InvalidPassword_ThrowError</b><br>Test class: august.smartLock.tests.RegistrationProcessTest<br>Test method: The user enters a invalid password<br>Parameters: abcde123</td>
<td></td>
<td>28</td>
<td>august.smartLock.tests.RegistrationProcessTest@82d64</td></tr>
<tr>
<td title='august.smartLock.tests.RegistrationProcessTest.enterPassword_InvalidPassword_ThrowError()'><b>enterPassword_InvalidPassword_ThrowError</b><br>Test class: august.smartLock.tests.RegistrationProcessTest<br>Test method: The user enters a invalid password<br>Parameters: abcd</td>
<td></td>
<td>29</td>
<td>august.smartLock.tests.RegistrationProcessTest@82d64</td></tr>
<tr>
<td title='august.smartLock.tests.RegistrationProcessTest.enterPassword_InvalidPassword_ThrowError()'><b>enterPassword_InvalidPassword_ThrowError</b><br>Test class: august.smartLock.tests.RegistrationProcessTest<br>Test method: The user enters a invalid password<br>Parameters: 123456.0</td>
<td></td>
<td>27</td>
<td>august.smartLock.tests.RegistrationProcessTest@82d64</td></tr>
<tr>
<td title='august.smartLock.tests.RegistrationProcessTest.enterPassword_InvalidPassword_ThrowError()'><b>enterPassword_InvalidPassword_ThrowError</b><br>Test class: august.smartLock.tests.RegistrationProcessTest<br>Test method: The user enters a invalid password<br>Parameters: abcde12222222</td>
<td></td>
<td>28</td>
<td>august.smartLock.tests.RegistrationProcessTest@82d64</td></tr>
<tr>
<td title='august.smartLock.tests.RegistrationProcessTest.enterPassword_InvalidPassword_ThrowError()'><b>enterPassword_InvalidPassword_ThrowError</b><br>Test class: august.smartLock.tests.RegistrationProcessTest<br>Test method: The user enters a invalid password<br>Parameters: !ksjksjdfkfjkd</td>
<td></td>
<td>27</td>
<td>august.smartLock.tests.RegistrationProcessTest@82d64</td></tr>
<tr>
<td title='august.smartLock.tests.RegistrationProcessTest.enterPassword_validPassword_NoError()'><b>enterPassword_validPassword_NoError</b><br>Test class: august.smartLock.tests.RegistrationProcessTest<br>Test method: The user enters a valid password<br>Parameters: Abcde12345!</td>
<td></td>
<td>28</td>
<td>august.smartLock.tests.RegistrationProcessTest@82d64</td></tr>
<tr>
<td title='august.smartLock.tests.RegistrationProcessTest.enterPassword_validPassword_NoError()'><b>enterPassword_validPassword_NoError</b><br>Test class: august.smartLock.tests.RegistrationProcessTest<br>Test method: The user enters a valid password<br>Parameters: 123AbcV!2</td>
<td></td>
<td>29</td>
<td>august.smartLock.tests.RegistrationProcessTest@82d64</td></tr>
</table><p>
</body>
</html>