<?xml version="1.0" encoding="UTF-8"?>
<!-- Generated by org.testng.reporters.JUnitXMLReporter -->
<testsuite hostname="Desarrollo45" name="Registration - Happy path" tests="8" failures="1" timestamp="22 Oct 2015 21:44:58 GMT" time="262.505" errors="0">
  <testcase name="enterPassword_InvalidPassword_ThrowError" time="28.478" classname="august.smartLock.tests.RegistrationProcessTest"/>
  <testcase name="enterPassword_InvalidPassword_ThrowError" time="29.553" classname="august.smartLock.tests.RegistrationProcessTest"/>
  <testcase name="enterPassword_InvalidPassword_ThrowError" time="27.552" classname="august.smartLock.tests.RegistrationProcessTest"/>
  <testcase name="enterPassword_InvalidPassword_ThrowError" time="28.186" classname="august.smartLock.tests.RegistrationProcessTest"/>
  <testcase name="enterPassword_InvalidPassword_ThrowError" time="27.876" classname="august.smartLock.tests.RegistrationProcessTest"/>
  <testcase name="enterPassword_InvalidPassword_ThrowError" time="27.11" classname="august.smartLock.tests.RegistrationProcessTest">
    <failure type="org.openqa.selenium.WebDriverException" message="An unknown server-side error occurred while processing the command. (Original error: Soft keyboard not present, cannot hide keyboard) (WARNING: The server did not provide any stacktrace information)
Command duration or timeout: 110 milliseconds
Build info: version: &amp;apos;2.46.0&amp;apos;, revision: &amp;apos;87c69e2&amp;apos;, time: &amp;apos;2015-06-04 16:17:10&amp;apos;
System info: host: &amp;apos;Desarrollo45&amp;apos;, ip: &amp;apos;192.168.56.1&amp;apos;, os.name: &amp;apos;Windows 8.1&amp;apos;, os.arch: &amp;apos;x86&amp;apos;, os.version: &amp;apos;6.3&amp;apos;, java.version: &amp;apos;1.8.0_60&amp;apos;
Driver info: io.appium.java_client.android.AndroidDriver
Capabilities [{appPackage=com.august.luna, app=C:\Users\nvega\workspace\TestingProject\Resources\apkFolder\August.apk, networkConnectionEnabled=true, warnings={}, databaseEnabled=false, version=4.4.2, deviceName=4d00bfd7479f80c9, platform=LINUX, appActivity=.ui.startup.LandingPage, desired={appPackage=com.august.luna, appActivity=.ui.startup.LandingPage, app=C:\Users\nvega\workspace\TestingProject\Resources\apkFolder\August.apk, browserName=, platformName=Android, version=4.4.2, deviceName=4d00bfd7479f80c9}, platformVersion=4.4.2, webStorageEnabled=false, locationContextEnabled=false, browserName=, takesScreenshot=true, javascriptEnabled=true, platformName=Android}]
Session ID: 6c3b92ef-0b94-4dad-a0eb-810f8020fee4">
      <![CDATA[org.openqa.selenium.WebDriverException: An unknown server-side error occurred while processing the command. (Original error: Soft keyboard not present, cannot hide keyboard) (WARNING: The server did not provide any stacktrace information)
Command duration or timeout: 110 milliseconds
Build info: version: '2.46.0', revision: '87c69e2', time: '2015-06-04 16:17:10'
System info: host: 'Desarrollo45', ip: '192.168.56.1', os.name: 'Windows 8.1', os.arch: 'x86', os.version: '6.3', java.version: '1.8.0_60'
Driver info: io.appium.java_client.android.AndroidDriver
Capabilities [{appPackage=com.august.luna, app=C:\Users\nvega\workspace\TestingProject\Resources\apkFolder\August.apk, networkConnectionEnabled=true, warnings={}, databaseEnabled=false, version=4.4.2, deviceName=4d00bfd7479f80c9, platform=LINUX, appActivity=.ui.startup.LandingPage, desired={appPackage=com.august.luna, appActivity=.ui.startup.LandingPage, app=C:\Users\nvega\workspace\TestingProject\Resources\apkFolder\August.apk, browserName=, platformName=Android, version=4.4.2, deviceName=4d00bfd7479f80c9}, platformVersion=4.4.2, webStorageEnabled=false, locationContextEnabled=false, browserName=, takesScreenshot=true, javascriptEnabled=true, platformName=Android}]
Session ID: 6c3b92ef-0b94-4dad-a0eb-810f8020fee4
	at org.openqa.selenium.remote.ErrorHandler.createThrowable(ErrorHandler.java:204)
	at org.openqa.selenium.remote.ErrorHandler.throwIfResponseFailed(ErrorHandler.java:156)
	at org.openqa.selenium.remote.RemoteWebDriver.execute(RemoteWebDriver.java:605)
	at io.appium.java_client.AppiumDriver.execute(AppiumDriver.java:180)
	at io.appium.java_client.AppiumDriver.execute(AppiumDriver.java:185)
	at io.appium.java_client.AppiumDriver.hideKeyboard(AppiumDriver.java:268)
	at august.smartLock.screens.registration.ScreenObject.hideKeyboard(ScreenObject.java:114)
	at august.smartLock.screens.registration.UserDetailsScreen.isErrorDisplayed(UserDetailsScreen.java:99)
	at august.smartLock.tests.RegistrationProcessTest.enterPassword_InvalidPassword_ThrowError(RegistrationProcessTest.java:164)
... Removed 28 stack frames]]>
    </failure>
  </testcase> <!-- enterPassword_InvalidPassword_ThrowError -->
  <testcase name="enterPassword_validPassword_NoError" time="28.067" classname="august.smartLock.tests.RegistrationProcessTest"/>
  <testcase name="enterPassword_validPassword_NoError" time="29.346" classname="august.smartLock.tests.RegistrationProcessTest"/>
</testsuite> <!-- Registration - Happy path -->
